2024-07-20 21:39:11,170 INFO o.a.j.u.JMeterUtils: Setting Locale to en_EN
2024-07-20 21:39:11,185 INFO o.a.j.JMeter: Loading user properties from: /Users/renuka/softwares-common/bin/apache-jmeter-5.3/bin/user.properties
2024-07-20 21:39:11,185 INFO o.a.j.JMeter: Loading system properties from: /Users/renuka/softwares-common/bin/apache-jmeter-5.3/bin/system.properties
2024-07-20 21:39:11,186 INFO o.a.j.JMeter: Setting JMeter property: users=500
2024-07-20 21:39:11,186 INFO o.a.j.JMeter: Setting JMeter property: rampUpPeriod=10
2024-07-20 21:39:11,186 INFO o.a.j.JMeter: Setting JMeter property: duration=1020
2024-07-20 21:39:11,186 INFO o.a.j.JMeter: Setting JMeter property: proto=http
2024-07-20 21:39:11,186 INFO o.a.j.JMeter: Setting JMeter property: port=8000
2024-07-20 21:39:11,186 INFO o.a.j.JMeter: Setting JMeter property: ip=localhost
2024-07-20 21:39:11,186 INFO o.a.j.JMeter: Setting JMeter property: path=/upstream-service-overflow?delayMs=5000
2024-07-20 21:39:11,186 INFO o.a.j.JMeter: Setting JMeter property: payload=/Users/renuka/Documents/payloads/50B.json
2024-07-20 21:39:11,187 INFO o.a.j.JMeter: Copyright (c) 1998-2020 The Apache Software Foundation
2024-07-20 21:39:11,187 INFO o.a.j.JMeter: Version 5.3
2024-07-20 21:39:11,187 INFO o.a.j.JMeter: java.version=11.0.16.1
2024-07-20 21:39:11,187 INFO o.a.j.JMeter: java.vm.name=OpenJDK 64-Bit Server VM
2024-07-20 21:39:11,187 INFO o.a.j.JMeter: os.name=Mac OS X
2024-07-20 21:39:11,187 INFO o.a.j.JMeter: os.arch=aarch64
2024-07-20 21:39:11,187 INFO o.a.j.JMeter: os.version=14.4.1
2024-07-20 21:39:11,187 INFO o.a.j.JMeter: file.encoding=UTF-8
2024-07-20 21:39:11,187 INFO o.a.j.JMeter: java.awt.headless=true
2024-07-20 21:39:11,187 INFO o.a.j.JMeter: Max memory     =1073741824
2024-07-20 21:39:11,187 INFO o.a.j.JMeter: Available Processors =10
2024-07-20 21:39:11,192 INFO o.a.j.JMeter: Default Locale=English (EN)
2024-07-20 21:39:11,192 INFO o.a.j.JMeter: JMeter  Locale=English (EN)
2024-07-20 21:39:11,192 INFO o.a.j.JMeter: JMeterHome=/Users/renuka/softwares-common/bin/apache-jmeter-5.3
2024-07-20 21:39:11,192 INFO o.a.j.JMeter: user.dir  =/Users/renuka/git/examples/envoy/simple
2024-07-20 21:39:11,192 INFO o.a.j.JMeter: PWD       =/Users/renuka/git/examples/envoy/simple
2024-07-20 21:39:11,193 INFO o.a.j.JMeter: IP: 127.0.0.1 Name: Renuka.local FullName: localhost
2024-07-20 21:39:11,196 INFO o.a.j.s.FileServer: Default base='/Users/renuka/git/examples/envoy/simple'
2024-07-20 21:39:11,197 INFO o.a.j.s.FileServer: Set new base='/Users/renuka/git/examples/envoy/simple'
2024-07-20 21:39:11,280 INFO o.a.j.s.SaveService: Testplan (JMX) version: 2.2. Testlog (JTL) version: 2.2
2024-07-20 21:39:11,291 INFO o.a.j.s.SaveService: Using SaveService properties version 5.0
2024-07-20 21:39:11,293 INFO o.a.j.s.SaveService: Using SaveService properties file encoding UTF-8
2024-07-20 21:39:11,294 INFO o.a.j.s.SaveService: Loading file: test.jmx
2024-07-20 21:39:11,317 INFO o.a.j.p.h.s.HTTPSamplerBase: Parser for text/html is org.apache.jmeter.protocol.http.parser.LagartoBasedHtmlParser
2024-07-20 21:39:11,317 INFO o.a.j.p.h.s.HTTPSamplerBase: Parser for application/xhtml+xml is org.apache.jmeter.protocol.http.parser.LagartoBasedHtmlParser
2024-07-20 21:39:11,318 INFO o.a.j.p.h.s.HTTPSamplerBase: Parser for application/xml is org.apache.jmeter.protocol.http.parser.LagartoBasedHtmlParser
2024-07-20 21:39:11,318 INFO o.a.j.p.h.s.HTTPSamplerBase: Parser for text/xml is org.apache.jmeter.protocol.http.parser.LagartoBasedHtmlParser
2024-07-20 21:39:11,318 INFO o.a.j.p.h.s.HTTPSamplerBase: Parser for text/vnd.wap.wml is org.apache.jmeter.protocol.http.parser.RegexpHTMLParser
2024-07-20 21:39:11,318 INFO o.a.j.p.h.s.HTTPSamplerBase: Parser for text/css is org.apache.jmeter.protocol.http.parser.CssParser
2024-07-20 21:39:11,329 INFO o.a.j.JMeter: Creating summariser <summary>
2024-07-20 21:39:11,331 INFO o.a.j.e.StandardJMeterEngine: Running the test!
2024-07-20 21:39:11,333 INFO o.a.j.s.SampleEvent: List of sample_variables: []
2024-07-20 21:39:11,333 INFO o.a.j.s.SampleEvent: List of sample_variables: []
2024-07-20 21:39:11,337 INFO o.a.j.e.u.CompoundVariable: Note: Function class names must contain the string: '.functions.'
2024-07-20 21:39:11,337 INFO o.a.j.e.u.CompoundVariable: Note: Function class names must not contain the string: '.gui.'
2024-07-20 21:39:11,471 INFO o.a.j.JMeter: Running test (1721491751471)
2024-07-20 21:39:11,480 INFO o.a.j.e.StandardJMeterEngine: Starting ThreadGroup: 1 : Thread Group
2024-07-20 21:39:11,481 INFO o.a.j.e.StandardJMeterEngine: Starting 500 threads for group Thread Group.
2024-07-20 21:39:11,481 INFO o.a.j.e.StandardJMeterEngine: Thread will continue on error
2024-07-20 21:39:11,481 INFO o.a.j.t.ThreadGroup: Starting thread group... number=1 threads=500 ramp-up=10 delayedStart=false
2024-07-20 21:39:11,487 INFO o.a.j.t.JMeterThread: Thread started: Thread Group 1-1
2024-07-20 21:39:11,504 INFO o.a.j.p.h.s.HTTPHCAbstractImpl: Local host = Renuka.local
2024-07-20 21:39:11,507 INFO o.a.j.t.JMeterThread: Thread started: Thread Group 1-2
2024-07-20 21:39:11,509 INFO o.a.j.p.h.s.HTTPHC4Impl: HTTP request retry count = 0
2024-07-20 21:39:11,511 INFO o.a.j.s.SampleResult: Note: Sample TimeStamps are START times
2024-07-20 21:39:11,511 INFO o.a.j.s.SampleResult: sampleresult.default.encoding is set to ISO-8859-1
2024-07-20 21:39:11,511 INFO o.a.j.s.SampleResult: sampleresult.useNanoTime=true
2024-07-20 21:39:11,513 INFO o.a.j.s.SampleResult: sampleresult.nanoThreadSleep=5000
2024-07-20 21:39:11,529 INFO o.a.j.t.JMeterThread: Thread started: Thread Group 1-3
2024-07-20 21:39:11,543 INFO o.a.j.t.JMeterThread: Thread started: Thread Group 1-4
2024-07-20 21:39:11,557 INFO o.a.j.t.ThreadGroup: Started thread group number 1
2024-07-20 21:39:11,557 INFO o.a.j.e.StandardJMeterEngine: All thread groups have been started
2024-07-20 21:39:11,564 INFO o.a.j.t.JMeterThread: Thread started: Thread Group 1-5
2024-07-20 21:39:11,567 INFO o.a.j.s.FileServer: Stored: /Users/renuka/Documents/payloads/50B.json
2024-07-20 21:39:11,583 INFO o.a.j.t.JMeterThread: Thread started: Thread Group 1-6
2024-07-20 21:39:11,604 INFO o.a.j.t.JMeterThread: Thread started: Thread Group 1-7
2024-07-20 21:39:11,625 INFO o.a.j.t.JMeterThread: Thread started: Thread Group 1-8
2024-07-20 21:39:11,643 INFO o.a.j.t.JMeterThread: Thread started: Thread Group 1-9
2024-07-20 21:39:11,663 INFO o.a.j.t.JMeterThread: Thread started: Thread Group 1-10
2024-07-20 21:39:11,687 INFO o.a.j.t.JMeterThread: Thread started: Thread Group 1-11
2024-07-20 21:39:11,702 INFO o.a.j.t.JMeterThread: Thread started: Thread Group 1-12
2024-07-20 21:39:11,722 INFO o.a.j.t.JMeterThread: Thread started: Thread Group 1-13
2024-07-20 21:39:11,746 INFO o.a.j.t.JMeterThread: Thread started: Thread Group 1-14
2024-07-20 21:39:11,763 INFO o.a.j.t.JMeterThread: Thread started: Thread Group 1-15
2024-07-20 21:39:11,786 INFO o.a.j.t.JMeterThread: Thread started: Thread Group 1-16
2024-07-20 21:39:11,806 INFO o.a.j.t.JMeterThread: Thread started: Thread Group 1-17
2024-07-20 21:39:11,823 INFO o.a.j.t.JMeterThread: Thread started: Thread Group 1-18
2024-07-20 21:39:11,842 INFO o.a.j.t.JMeterThread: Thread started: Thread Group 1-19
2024-07-20 21:39:11,862 INFO o.a.j.t.JMeterThread: Thread started: Thread Group 1-20
2024-07-20 21:39:11,882 INFO o.a.j.t.JMeterThread: Thread started: Thread Group 1-21
2024-07-20 21:39:11,902 INFO o.a.j.t.JMeterThread: Thread started: Thread Group 1-22
2024-07-20 21:39:11,924 INFO o.a.j.t.JMeterThread: Thread started: Thread Group 1-23
2024-07-20 21:39:11,947 INFO o.a.j.t.JMeterThread: Thread started: Thread Group 1-24
2024-07-20 21:39:11,966 INFO o.a.j.t.JMeterThread: Thread started: Thread Group 1-25
2024-07-20 21:39:11,981 INFO o.a.j.t.JMeterThread: Thread started: Thread Group 1-26
2024-07-20 21:39:12,001 INFO o.a.j.t.JMeterThread: Thread started: Thread Group 1-27
2024-07-20 21:39:12,025 INFO o.a.j.t.JMeterThread: Thread started: Thread Group 1-28
2024-07-20 21:39:12,046 INFO o.a.j.t.JMeterThread: Thread started: Thread Group 1-29
2024-07-20 21:39:12,066 INFO o.a.j.t.JMeterThread: Thread started: Thread Group 1-30
2024-07-20 21:39:12,086 INFO o.a.j.t.JMeterThread: Thread started: Thread Group 1-31
2024-07-20 21:39:12,107 INFO o.a.j.t.JMeterThread: Thread started: Thread Group 1-32
2024-07-20 21:39:12,122 INFO o.a.j.t.JMeterThread: Thread started: Thread Group 1-33
2024-07-20 21:39:12,146 INFO o.a.j.t.JMeterThread: Thread started: Thread Group 1-34
2024-07-20 21:39:12,162 INFO o.a.j.t.JMeterThread: Thread started: Thread Group 1-35
2024-07-20 21:39:12,186 INFO o.a.j.t.JMeterThread: Thread started: Thread Group 1-36
2024-07-20 21:39:12,206 INFO o.a.j.t.JMeterThread: Thread started: Thread Group 1-37
2024-07-20 21:39:12,227 INFO o.a.j.t.JMeterThread: Thread started: Thread Group 1-38
2024-07-20 21:39:12,247 INFO o.a.j.t.JMeterThread: Thread started: Thread Group 1-39
2024-07-20 21:39:12,262 INFO o.a.j.t.JMeterThread: Thread started: Thread Group 1-40
2024-07-20 21:39:12,284 INFO o.a.j.t.JMeterThread: Thread started: Thread Group 1-41
2024-07-20 21:39:12,303 INFO o.a.j.t.JMeterThread: Thread started: Thread Group 1-42
2024-07-20 21:39:12,326 INFO o.a.j.t.JMeterThread: Thread started: Thread Group 1-43
2024-07-20 21:39:12,347 INFO o.a.j.t.JMeterThread: Thread started: Thread Group 1-44
2024-07-20 21:39:12,366 INFO o.a.j.t.JMeterThread: Thread started: Thread Group 1-45
2024-07-20 21:39:12,383 INFO o.a.j.t.JMeterThread: Thread started: Thread Group 1-46
2024-07-20 21:39:12,406 INFO o.a.j.t.JMeterThread: Thread started: Thread Group 1-47
2024-07-20 21:39:12,426 INFO o.a.j.t.JMeterThread: Thread started: Thread Group 1-48
2024-07-20 21:39:12,444 INFO o.a.j.t.JMeterThread: Thread started: Thread Group 1-49
2024-07-20 21:39:12,466 INFO o.a.j.t.JMeterThread: Thread started: Thread Group 1-50
2024-07-20 21:39:12,482 INFO o.a.j.t.JMeterThread: Thread started: Thread Group 1-51
2024-07-20 21:39:12,503 INFO o.a.j.t.JMeterThread: Thread started: Thread Group 1-52
2024-07-20 21:39:12,522 INFO o.a.j.t.JMeterThread: Thread started: Thread Group 1-53
2024-07-20 21:39:12,542 INFO o.a.j.t.JMeterThread: Thread started: Thread Group 1-54
2024-07-20 21:39:12,566 INFO o.a.j.t.JMeterThread: Thread started: Thread Group 1-55
2024-07-20 21:39:12,581 INFO o.a.j.t.JMeterThread: Thread started: Thread Group 1-56
2024-07-20 21:39:12,606 INFO o.a.j.t.JMeterThread: Thread started: Thread Group 1-57
2024-07-20 21:39:12,622 INFO o.a.j.t.JMeterThread: Thread started: Thread Group 1-58
2024-07-20 21:39:12,645 INFO o.a.j.t.JMeterThread: Thread started: Thread Group 1-59
2024-07-20 21:39:12,668 INFO o.a.j.t.JMeterThread: Thread started: Thread Group 1-60
2024-07-20 21:39:12,686 INFO o.a.j.t.JMeterThread: Thread started: Thread Group 1-61
2024-07-20 21:39:12,706 INFO o.a.j.t.JMeterThread: Thread started: Thread Group 1-62
2024-07-20 21:39:12,726 INFO o.a.j.t.JMeterThread: Thread started: Thread Group 1-63
2024-07-20 21:39:12,746 INFO o.a.j.t.JMeterThread: Thread started: Thread Group 1-64
2024-07-20 21:39:12,762 INFO o.a.j.t.JMeterThread: Thread started: Thread Group 1-65
2024-07-20 21:39:12,787 INFO o.a.j.t.JMeterThread: Thread started: Thread Group 1-66
2024-07-20 21:39:12,807 INFO o.a.j.t.JMeterThread: Thread started: Thread Group 1-67
2024-07-20 21:39:12,822 INFO o.a.j.t.JMeterThread: Thread started: Thread Group 1-68
2024-07-20 21:39:12,846 INFO o.a.j.t.JMeterThread: Thread started: Thread Group 1-69
2024-07-20 21:39:12,866 INFO o.a.j.t.JMeterThread: Thread started: Thread Group 1-70
2024-07-20 21:39:12,886 INFO o.a.j.t.JMeterThread: Thread started: Thread Group 1-71
2024-07-20 21:39:12,906 INFO o.a.j.t.JMeterThread: Thread started: Thread Group 1-72
2024-07-20 21:39:12,927 INFO o.a.j.t.JMeterThread: Thread started: Thread Group 1-73
2024-07-20 21:39:12,947 INFO o.a.j.t.JMeterThread: Thread started: Thread Group 1-74
2024-07-20 21:39:12,966 INFO o.a.j.t.JMeterThread: Thread started: Thread Group 1-75
2024-07-20 21:39:12,987 INFO o.a.j.t.JMeterThread: Thread started: Thread Group 1-76
2024-07-20 21:39:13,006 INFO o.a.j.t.JMeterThread: Thread started: Thread Group 1-77
2024-07-20 21:39:13,026 INFO o.a.j.t.JMeterThread: Thread started: Thread Group 1-78
2024-07-20 21:39:13,042 INFO o.a.j.t.JMeterThread: Thread started: Thread Group 1-79
2024-07-20 21:39:13,068 INFO o.a.j.t.JMeterThread: Thread started: Thread Group 1-80
2024-07-20 21:39:13,087 INFO o.a.j.t.JMeterThread: Thread started: Thread Group 1-81
2024-07-20 21:39:13,107 INFO o.a.j.t.JMeterThread: Thread started: Thread Group 1-82
2024-07-20 21:39:13,127 INFO o.a.j.t.JMeterThread: Thread started: Thread Group 1-83
2024-07-20 21:39:13,147 INFO o.a.j.t.JMeterThread: Thread started: Thread Group 1-84
2024-07-20 21:39:13,162 INFO o.a.j.t.JMeterThread: Thread started: Thread Group 1-85
2024-07-20 21:39:13,186 INFO o.a.j.t.JMeterThread: Thread started: Thread Group 1-86
2024-07-20 21:39:13,206 INFO o.a.j.t.JMeterThread: Thread started: Thread Group 1-87
2024-07-20 21:39:13,225 INFO o.a.j.t.JMeterThread: Thread started: Thread Group 1-88
2024-07-20 21:39:13,249 INFO o.a.j.t.JMeterThread: Thread started: Thread Group 1-89
2024-07-20 21:39:13,269 INFO o.a.j.t.JMeterThread: Thread started: Thread Group 1-90
2024-07-20 21:39:13,286 INFO o.a.j.t.JMeterThread: Thread started: Thread Group 1-91
2024-07-20 21:39:13,307 INFO o.a.j.t.JMeterThread: Thread started: Thread Group 1-92
2024-07-20 21:39:13,327 INFO o.a.j.t.JMeterThread: Thread started: Thread Group 1-93
2024-07-20 21:39:13,346 INFO o.a.j.t.JMeterThread: Thread started: Thread Group 1-94
2024-07-20 21:39:13,366 INFO o.a.j.t.JMeterThread: Thread started: Thread Group 1-95
2024-07-20 21:39:13,383 INFO o.a.j.t.JMeterThread: Thread started: Thread Group 1-96
2024-07-20 21:39:13,406 INFO o.a.j.t.JMeterThread: Thread started: Thread Group 1-97
2024-07-20 21:39:13,427 INFO o.a.j.t.JMeterThread: Thread started: Thread Group 1-98
2024-07-20 21:39:13,441 INFO o.a.j.t.JMeterThread: Thread started: Thread Group 1-99
2024-07-20 21:39:13,467 INFO o.a.j.t.JMeterThread: Thread started: Thread Group 1-100
2024-07-20 21:39:13,487 INFO o.a.j.t.JMeterThread: Thread started: Thread Group 1-101
2024-07-20 21:39:13,507 INFO o.a.j.t.JMeterThread: Thread started: Thread Group 1-102
2024-07-20 21:39:13,529 INFO o.a.j.t.JMeterThread: Thread started: Thread Group 1-103
2024-07-20 21:39:13,546 INFO o.a.j.t.JMeterThread: Thread started: Thread Group 1-104
2024-07-20 21:39:13,565 INFO o.a.j.t.JMeterThread: Thread started: Thread Group 1-105
2024-07-20 21:39:13,587 INFO o.a.j.t.JMeterThread: Thread started: Thread Group 1-106
2024-07-20 21:39:13,607 INFO o.a.j.t.JMeterThread: Thread started: Thread Group 1-107
2024-07-20 21:39:13,626 INFO o.a.j.t.JMeterThread: Thread started: Thread Group 1-108
2024-07-20 21:39:13,643 INFO o.a.j.t.JMeterThread: Thread started: Thread Group 1-109
2024-07-20 21:39:13,662 INFO o.a.j.t.JMeterThread: Thread started: Thread Group 1-110
2024-07-20 21:39:13,687 INFO o.a.j.t.JMeterThread: Thread started: Thread Group 1-111
2024-07-20 21:39:13,701 INFO o.a.j.t.JMeterThread: Thread started: Thread Group 1-112
2024-07-20 21:39:13,726 INFO o.a.j.t.JMeterThread: Thread started: Thread Group 1-113
2024-07-20 21:39:13,745 INFO o.a.j.t.JMeterThread: Thread started: Thread Group 1-114
2024-07-20 21:39:13,767 INFO o.a.j.t.JMeterThread: Thread started: Thread Group 1-115
2024-07-20 21:39:13,782 INFO o.a.j.t.JMeterThread: Thread started: Thread Group 1-116
2024-07-20 21:39:13,802 INFO o.a.j.t.JMeterThread: Thread started: Thread Group 1-117
2024-07-20 21:39:13,826 INFO o.a.j.t.JMeterThread: Thread started: Thread Group 1-118
2024-07-20 21:39:13,846 INFO o.a.j.t.JMeterThread: Thread started: Thread Group 1-119
2024-07-20 21:39:13,866 INFO o.a.j.t.JMeterThread: Thread started: Thread Group 1-120
2024-07-20 21:39:13,886 INFO o.a.j.t.JMeterThread: Thread started: Thread Group 1-121
2024-07-20 21:39:13,904 INFO o.a.j.t.JMeterThread: Thread started: Thread Group 1-122
2024-07-20 21:39:13,927 INFO o.a.j.t.JMeterThread: Thread started: Thread Group 1-123
2024-07-20 21:39:13,946 INFO o.a.j.t.JMeterThread: Thread started: Thread Group 1-124
2024-07-20 21:39:13,966 INFO o.a.j.t.JMeterThread: Thread started: Thread Group 1-125
2024-07-20 21:39:13,984 INFO o.a.j.t.JMeterThread: Thread started: Thread Group 1-126
2024-07-20 21:39:14,006 INFO o.a.j.t.JMeterThread: Thread started: Thread Group 1-127
2024-07-20 21:39:14,026 INFO o.a.j.t.JMeterThread: Thread started: Thread Group 1-128
2024-07-20 21:39:14,046 INFO o.a.j.t.JMeterThread: Thread started: Thread Group 1-129
2024-07-20 21:39:14,063 INFO o.a.j.t.JMeterThread: Thread started: Thread Group 1-130
2024-07-20 21:39:14,082 INFO o.a.j.t.JMeterThread: Thread started: Thread Group 1-131
2024-07-20 21:39:14,106 INFO o.a.j.t.JMeterThread: Thread started: Thread Group 1-132
2024-07-20 21:39:14,127 INFO o.a.j.t.JMeterThread: Thread started: Thread Group 1-133
2024-07-20 21:39:14,146 INFO o.a.j.t.JMeterThread: Thread started: Thread Group 1-134
2024-07-20 21:39:14,162 INFO o.a.j.t.JMeterThread: Thread started: Thread Group 1-135
2024-07-20 21:39:14,182 INFO o.a.j.t.JMeterThread: Thread started: Thread Group 1-136
2024-07-20 21:39:14,202 INFO o.a.j.t.JMeterThread: Thread started: Thread Group 1-137
2024-07-20 21:39:14,222 INFO o.a.j.t.JMeterThread: Thread started: Thread Group 1-138
2024-07-20 21:39:14,246 INFO o.a.j.t.JMeterThread: Thread started: Thread Group 1-139
2024-07-20 21:39:14,266 INFO o.a.j.t.JMeterThread: Thread started: Thread Group 1-140
2024-07-20 21:39:14,284 INFO o.a.j.t.JMeterThread: Thread started: Thread Group 1-141
2024-07-20 21:39:14,311 INFO o.a.j.t.JMeterThread: Thread started: Thread Group 1-142
2024-07-20 21:39:14,325 INFO o.a.j.t.JMeterThread: Thread started: Thread Group 1-143
2024-07-20 21:39:14,344 INFO o.a.j.t.JMeterThread: Thread started: Thread Group 1-144
2024-07-20 21:39:14,362 INFO o.a.j.t.JMeterThread: Thread started: Thread Group 1-145
2024-07-20 21:39:14,382 INFO o.a.j.t.JMeterThread: Thread started: Thread Group 1-146
2024-07-20 21:39:14,401 INFO o.a.j.t.JMeterThread: Thread started: Thread Group 1-147
2024-07-20 21:39:14,425 INFO o.a.j.t.JMeterThread: Thread started: Thread Group 1-148
2024-07-20 21:39:14,446 INFO o.a.j.t.JMeterThread: Thread started: Thread Group 1-149
2024-07-20 21:39:14,464 INFO o.a.j.t.JMeterThread: Thread started: Thread Group 1-150
2024-07-20 21:39:14,486 INFO o.a.j.t.JMeterThread: Thread started: Thread Group 1-151
2024-07-20 21:39:14,503 INFO o.a.j.t.JMeterThread: Thread started: Thread Group 1-152
2024-07-20 21:39:14,525 INFO o.a.j.t.JMeterThread: Thread started: Thread Group 1-153
2024-07-20 21:39:14,544 INFO o.a.j.t.JMeterThread: Thread started: Thread Group 1-154
2024-07-20 21:39:14,562 INFO o.a.j.t.JMeterThread: Thread started: Thread Group 1-155
2024-07-20 21:39:14,584 INFO o.a.j.t.JMeterThread: Thread started: Thread Group 1-156
2024-07-20 21:39:14,603 INFO o.a.j.t.JMeterThread: Thread started: Thread Group 1-157
2024-07-20 21:39:14,621 INFO o.a.j.t.JMeterThread: Thread started: Thread Group 1-158
2024-07-20 21:39:14,643 INFO o.a.j.t.JMeterThread: Thread started: Thread Group 1-159
2024-07-20 21:39:14,662 INFO o.a.j.t.JMeterThread: Thread started: Thread Group 1-160
2024-07-20 21:39:14,682 INFO o.a.j.t.JMeterThread: Thread started: Thread Group 1-161
2024-07-20 21:39:14,704 INFO o.a.j.t.JMeterThread: Thread started: Thread Group 1-162
2024-07-20 21:39:14,724 INFO o.a.j.t.JMeterThread: Thread started: Thread Group 1-163
2024-07-20 21:39:14,742 INFO o.a.j.t.JMeterThread: Thread started: Thread Group 1-164
2024-07-20 21:39:14,766 INFO o.a.j.t.JMeterThread: Thread started: Thread Group 1-165
2024-07-20 21:39:14,782 INFO o.a.j.t.JMeterThread: Thread started: Thread Group 1-166
2024-07-20 21:39:14,806 INFO o.a.j.t.JMeterThread: Thread started: Thread Group 1-167
2024-07-20 21:39:14,823 INFO o.a.j.t.JMeterThread: Thread started: Thread Group 1-168
2024-07-20 21:39:14,845 INFO o.a.j.t.JMeterThread: Thread started: Thread Group 1-169
2024-07-20 21:39:14,864 INFO o.a.j.t.JMeterThread: Thread started: Thread Group 1-170
2024-07-20 21:39:14,885 INFO o.a.j.t.JMeterThread: Thread started: Thread Group 1-171
2024-07-20 21:39:14,903 INFO o.a.j.t.JMeterThread: Thread started: Thread Group 1-172
2024-07-20 21:39:14,922 INFO o.a.j.t.JMeterThread: Thread started: Thread Group 1-173
2024-07-20 21:39:14,946 INFO o.a.j.t.JMeterThread: Thread started: Thread Group 1-174
2024-07-20 21:39:14,967 INFO o.a.j.t.JMeterThread: Thread started: Thread Group 1-175
2024-07-20 21:39:14,986 INFO o.a.j.t.JMeterThread: Thread started: Thread Group 1-176
2024-07-20 21:39:15,006 INFO o.a.j.t.JMeterThread: Thread started: Thread Group 1-177
2024-07-20 21:39:15,024 INFO o.a.j.t.JMeterThread: Thread started: Thread Group 1-178
2024-07-20 21:39:15,046 INFO o.a.j.t.JMeterThread: Thread started: Thread Group 1-179
2024-07-20 21:39:15,063 INFO o.a.j.t.JMeterThread: Thread started: Thread Group 1-180
2024-07-20 21:39:15,085 INFO o.a.j.t.JMeterThread: Thread started: Thread Group 1-181
2024-07-20 21:39:15,104 INFO o.a.j.t.JMeterThread: Thread started: Thread Group 1-182
2024-07-20 21:39:15,123 INFO o.a.j.t.JMeterThread: Thread started: Thread Group 1-183
2024-07-20 21:39:15,146 INFO o.a.j.t.JMeterThread: Thread started: Thread Group 1-184
2024-07-20 21:39:15,166 INFO o.a.j.t.JMeterThread: Thread started: Thread Group 1-185
2024-07-20 21:39:15,186 INFO o.a.j.t.JMeterThread: Thread started: Thread Group 1-186
2024-07-20 21:39:15,206 INFO o.a.j.t.JMeterThread: Thread started: Thread Group 1-187
2024-07-20 21:39:15,224 INFO o.a.j.t.JMeterThread: Thread started: Thread Group 1-188
2024-07-20 21:39:15,242 INFO o.a.j.t.JMeterThread: Thread started: Thread Group 1-189
2024-07-20 21:39:15,261 INFO o.a.j.t.JMeterThread: Thread started: Thread Group 1-190
2024-07-20 21:39:15,283 INFO o.a.j.t.JMeterThread: Thread started: Thread Group 1-191
2024-07-20 21:39:15,305 INFO o.a.j.t.JMeterThread: Thread started: Thread Group 1-192
2024-07-20 21:39:15,323 INFO o.a.j.t.JMeterThread: Thread started: Thread Group 1-193
2024-07-20 21:39:15,346 INFO o.a.j.t.JMeterThread: Thread started: Thread Group 1-194
2024-07-20 21:39:15,362 INFO o.a.j.t.JMeterThread: Thread started: Thread Group 1-195
2024-07-20 21:39:15,382 INFO o.a.j.t.JMeterThread: Thread started: Thread Group 1-196
2024-07-20 21:39:15,402 INFO o.a.j.t.JMeterThread: Thread started: Thread Group 1-197
2024-07-20 21:39:15,425 INFO o.a.j.t.JMeterThread: Thread started: Thread Group 1-198
2024-07-20 21:39:15,446 INFO o.a.j.t.JMeterThread: Thread started: Thread Group 1-199
2024-07-20 21:39:15,466 INFO o.a.j.t.JMeterThread: Thread started: Thread Group 1-200
2024-07-20 21:39:15,484 INFO o.a.j.t.JMeterThread: Thread started: Thread Group 1-201
2024-07-20 21:39:15,502 INFO o.a.j.t.JMeterThread: Thread started: Thread Group 1-202
2024-07-20 21:39:15,526 INFO o.a.j.t.JMeterThread: Thread started: Thread Group 1-203
2024-07-20 21:39:15,544 INFO o.a.j.t.JMeterThread: Thread started: Thread Group 1-204
2024-07-20 21:39:15,568 INFO o.a.j.t.JMeterThread: Thread started: Thread Group 1-205
2024-07-20 21:39:15,582 INFO o.a.j.t.JMeterThread: Thread started: Thread Group 1-206
2024-07-20 21:39:15,607 INFO o.a.j.t.JMeterThread: Thread started: Thread Group 1-207
2024-07-20 21:39:15,623 INFO o.a.j.t.JMeterThread: Thread started: Thread Group 1-208
2024-07-20 21:39:15,644 INFO o.a.j.t.JMeterThread: Thread started: Thread Group 1-209
2024-07-20 21:39:15,667 INFO o.a.j.t.JMeterThread: Thread started: Thread Group 1-210
2024-07-20 21:39:15,688 INFO o.a.j.t.JMeterThread: Thread started: Thread Group 1-211
2024-07-20 21:39:15,706 INFO o.a.j.t.JMeterThread: Thread started: Thread Group 1-212
2024-07-20 21:39:15,723 INFO o.a.j.t.JMeterThread: Thread started: Thread Group 1-213
2024-07-20 21:39:15,747 INFO o.a.j.t.JMeterThread: Thread started: Thread Group 1-214
2024-07-20 21:39:15,768 INFO o.a.j.t.JMeterThread: Thread started: Thread Group 1-215
2024-07-20 21:39:15,787 INFO o.a.j.t.JMeterThread: Thread started: Thread Group 1-216
2024-07-20 21:39:15,807 INFO o.a.j.t.JMeterThread: Thread started: Thread Group 1-217
2024-07-20 21:39:15,821 INFO o.a.j.t.JMeterThread: Thread started: Thread Group 1-218
2024-07-20 21:39:15,842 INFO o.a.j.t.JMeterThread: Thread started: Thread Group 1-219
2024-07-20 21:39:15,867 INFO o.a.j.t.JMeterThread: Thread started: Thread Group 1-220
2024-07-20 21:39:15,886 INFO o.a.j.t.JMeterThread: Thread started: Thread Group 1-221
2024-07-20 21:39:15,906 INFO o.a.j.t.JMeterThread: Thread started: Thread Group 1-222
2024-07-20 21:39:15,927 INFO o.a.j.t.JMeterThread: Thread started: Thread Group 1-223
2024-07-20 21:39:15,946 INFO o.a.j.t.JMeterThread: Thread started: Thread Group 1-224
2024-07-20 21:39:15,967 INFO o.a.j.t.JMeterThread: Thread started: Thread Group 1-225
2024-07-20 21:39:15,987 INFO o.a.j.t.JMeterThread: Thread started: Thread Group 1-226
2024-07-20 21:39:16,008 INFO o.a.j.t.JMeterThread: Thread started: Thread Group 1-227
2024-07-20 21:39:16,028 INFO o.a.j.t.JMeterThread: Thread started: Thread Group 1-228
2024-07-20 21:39:16,048 INFO o.a.j.t.JMeterThread: Thread started: Thread Group 1-229
2024-07-20 21:39:16,067 INFO o.a.j.t.JMeterThread: Thread started: Thread Group 1-230
2024-07-20 21:39:16,081 INFO o.a.j.t.JMeterThread: Thread started: Thread Group 1-231
2024-07-20 21:39:16,106 INFO o.a.j.t.JMeterThread: Thread started: Thread Group 1-232
2024-07-20 21:39:16,127 INFO o.a.j.t.JMeterThread: Thread started: Thread Group 1-233
2024-07-20 21:39:16,148 INFO o.a.j.t.JMeterThread: Thread started: Thread Group 1-234
2024-07-20 21:39:16,168 INFO o.a.j.t.JMeterThread: Thread started: Thread Group 1-235
2024-07-20 21:39:16,187 INFO o.a.j.t.JMeterThread: Thread started: Thread Group 1-236
2024-07-20 21:39:16,207 INFO o.a.j.t.JMeterThread: Thread started: Thread Group 1-237
2024-07-20 21:39:16,228 INFO o.a.j.t.JMeterThread: Thread started: Thread Group 1-238
2024-07-20 21:39:16,247 INFO o.a.j.t.JMeterThread: Thread started: Thread Group 1-239
2024-07-20 21:39:16,267 INFO o.a.j.t.JMeterThread: Thread started: Thread Group 1-240
2024-07-20 21:39:16,286 INFO o.a.j.t.JMeterThread: Thread started: Thread Group 1-241
2024-07-20 21:39:16,308 INFO o.a.j.t.JMeterThread: Thread started: Thread Group 1-242
2024-07-20 21:39:16,327 INFO o.a.j.t.JMeterThread: Thread started: Thread Group 1-243
2024-07-20 21:39:16,348 INFO o.a.j.t.JMeterThread: Thread started: Thread Group 1-244
2024-07-20 21:39:16,367 INFO o.a.j.t.JMeterThread: Thread started: Thread Group 1-245
2024-07-20 21:39:16,386 INFO o.a.j.t.JMeterThread: Thread started: Thread Group 1-246
2024-07-20 21:39:16,401 INFO o.a.j.t.JMeterThread: Thread started: Thread Group 1-247
2024-07-20 21:39:16,426 INFO o.a.j.t.JMeterThread: Thread started: Thread Group 1-248
2024-07-20 21:39:16,446 INFO o.a.j.t.JMeterThread: Thread started: Thread Group 1-249
2024-07-20 21:39:16,466 INFO o.a.j.t.JMeterThread: Thread started: Thread Group 1-250
2024-07-20 21:39:16,488 INFO o.a.j.t.JMeterThread: Thread started: Thread Group 1-251
2024-07-20 21:39:16,507 INFO o.a.j.t.JMeterThread: Thread started: Thread Group 1-252
2024-07-20 21:39:16,523 INFO o.a.j.t.JMeterThread: Thread started: Thread Group 1-253
2024-07-20 21:39:16,546 INFO o.a.j.t.JMeterThread: Thread started: Thread Group 1-254
2024-07-20 21:39:16,563 INFO o.a.j.t.JMeterThread: Thread started: Thread Group 1-255
2024-07-20 21:39:16,586 INFO o.a.j.t.JMeterThread: Thread started: Thread Group 1-256
2024-07-20 21:39:16,602 INFO o.a.j.t.JMeterThread: Thread started: Thread Group 1-257
2024-07-20 21:39:16,626 INFO o.a.j.t.JMeterThread: Thread started: Thread Group 1-258
2024-07-20 21:39:16,646 INFO o.a.j.t.JMeterThread: Thread started: Thread Group 1-259
2024-07-20 21:39:16,666 INFO o.a.j.t.JMeterThread: Thread started: Thread Group 1-260
2024-07-20 21:39:16,682 INFO o.a.j.t.JMeterThread: Thread started: Thread Group 1-261
2024-07-20 21:39:16,706 INFO o.a.j.t.JMeterThread: Thread started: Thread Group 1-262
2024-07-20 21:39:16,726 INFO o.a.j.t.JMeterThread: Thread started: Thread Group 1-263
2024-07-20 21:39:16,743 INFO o.a.j.t.JMeterThread: Thread started: Thread Group 1-264
2024-07-20 21:39:16,767 INFO o.a.j.t.JMeterThread: Thread started: Thread Group 1-265
2024-07-20 21:39:16,784 INFO o.a.j.t.JMeterThread: Thread started: Thread Group 1-266
2024-07-20 21:39:16,806 INFO o.a.j.t.JMeterThread: Thread started: Thread Group 1-267
2024-07-20 21:39:16,832 INFO o.a.j.t.JMeterThread: Thread started: Thread Group 1-268
2024-07-20 21:39:16,846 INFO o.a.j.t.JMeterThread: Thread started: Thread Group 1-269
2024-07-20 21:39:16,865 INFO o.a.j.t.JMeterThread: Thread started: Thread Group 1-270
2024-07-20 21:39:16,887 INFO o.a.j.t.JMeterThread: Thread started: Thread Group 1-271
2024-07-20 21:39:16,907 INFO o.a.j.t.JMeterThread: Thread started: Thread Group 1-272
2024-07-20 21:39:16,926 INFO o.a.j.t.JMeterThread: Thread started: Thread Group 1-273
2024-07-20 21:39:16,942 INFO o.a.j.t.JMeterThread: Thread started: Thread Group 1-274
2024-07-20 21:39:16,966 INFO o.a.j.t.JMeterThread: Thread started: Thread Group 1-275
2024-07-20 21:39:16,989 INFO o.a.j.t.JMeterThread: Thread started: Thread Group 1-276
2024-07-20 21:39:17,006 INFO o.a.j.t.JMeterThread: Thread started: Thread Group 1-277
2024-07-20 21:39:17,026 INFO o.a.j.t.JMeterThread: Thread started: Thread Group 1-278
2024-07-20 21:39:17,046 INFO o.a.j.t.JMeterThread: Thread started: Thread Group 1-279
2024-07-20 21:39:17,061 INFO o.a.j.t.JMeterThread: Thread started: Thread Group 1-280
2024-07-20 21:39:17,082 INFO o.a.j.t.JMeterThread: Thread started: Thread Group 1-281
2024-07-20 21:39:17,102 INFO o.a.j.t.JMeterThread: Thread started: Thread Group 1-282
2024-07-20 21:39:17,126 INFO o.a.j.t.JMeterThread: Thread started: Thread Group 1-283
2024-07-20 21:39:17,147 INFO o.a.j.t.JMeterThread: Thread started: Thread Group 1-284
2024-07-20 21:39:17,166 INFO o.a.j.t.JMeterThread: Thread started: Thread Group 1-285
2024-07-20 21:39:17,186 INFO o.a.j.t.JMeterThread: Thread started: Thread Group 1-286
2024-07-20 21:39:17,206 INFO o.a.j.t.JMeterThread: Thread started: Thread Group 1-287
2024-07-20 21:39:17,226 INFO o.a.j.t.JMeterThread: Thread started: Thread Group 1-288
2024-07-20 21:39:17,247 INFO o.a.j.t.JMeterThread: Thread started: Thread Group 1-289
2024-07-20 21:39:17,266 INFO o.a.j.t.JMeterThread: Thread started: Thread Group 1-290
2024-07-20 21:39:17,284 INFO o.a.j.t.JMeterThread: Thread started: Thread Group 1-291
2024-07-20 21:39:17,307 INFO o.a.j.t.JMeterThread: Thread started: Thread Group 1-292
2024-07-20 21:39:17,322 INFO o.a.j.t.JMeterThread: Thread started: Thread Group 1-293
2024-07-20 21:39:17,344 INFO o.a.j.t.JMeterThread: Thread started: Thread Group 1-294
2024-07-20 21:39:17,367 INFO o.a.j.t.JMeterThread: Thread started: Thread Group 1-295
2024-07-20 21:39:17,387 INFO o.a.j.t.JMeterThread: Thread started: Thread Group 1-296
2024-07-20 21:39:17,406 INFO o.a.j.t.JMeterThread: Thread started: Thread Group 1-297
2024-07-20 21:39:17,427 INFO o.a.j.t.JMeterThread: Thread started: Thread Group 1-298
2024-07-20 21:39:17,446 INFO o.a.j.t.JMeterThread: Thread started: Thread Group 1-299
2024-07-20 21:39:17,466 INFO o.a.j.t.JMeterThread: Thread started: Thread Group 1-300
2024-07-20 21:39:17,485 INFO o.a.j.t.JMeterThread: Thread started: Thread Group 1-301
2024-07-20 21:39:17,506 INFO o.a.j.t.JMeterThread: Thread started: Thread Group 1-302
2024-07-20 21:39:17,522 INFO o.a.j.t.JMeterThread: Thread started: Thread Group 1-303
2024-07-20 21:39:17,546 INFO o.a.j.t.JMeterThread: Thread started: Thread Group 1-304
2024-07-20 21:39:17,563 INFO o.a.j.t.JMeterThread: Thread started: Thread Group 1-305
2024-07-20 21:39:17,586 INFO o.a.j.t.JMeterThread: Thread started: Thread Group 1-306
2024-07-20 21:39:17,602 INFO o.a.j.t.JMeterThread: Thread started: Thread Group 1-307
2024-07-20 21:39:17,624 INFO o.a.j.t.JMeterThread: Thread started: Thread Group 1-308
2024-07-20 21:39:17,647 INFO o.a.j.t.JMeterThread: Thread started: Thread Group 1-309
2024-07-20 21:39:17,662 INFO o.a.j.t.JMeterThread: Thread started: Thread Group 1-310
2024-07-20 21:39:17,687 INFO o.a.j.t.JMeterThread: Thread started: Thread Group 1-311
2024-07-20 21:39:17,706 INFO o.a.j.t.JMeterThread: Thread started: Thread Group 1-312
2024-07-20 21:39:17,722 INFO o.a.j.t.JMeterThread: Thread started: Thread Group 1-313
2024-07-20 21:39:17,744 INFO o.a.j.t.JMeterThread: Thread started: Thread Group 1-314
2024-07-20 21:39:17,762 INFO o.a.j.t.JMeterThread: Thread started: Thread Group 1-315
2024-07-20 21:39:17,786 INFO o.a.j.t.JMeterThread: Thread started: Thread Group 1-316
2024-07-20 21:39:17,806 INFO o.a.j.t.JMeterThread: Thread started: Thread Group 1-317
2024-07-20 21:39:17,825 INFO o.a.j.t.JMeterThread: Thread started: Thread Group 1-318
2024-07-20 21:39:17,843 INFO o.a.j.t.JMeterThread: Thread started: Thread Group 1-319
2024-07-20 21:39:17,864 INFO o.a.j.t.JMeterThread: Thread started: Thread Group 1-320
2024-07-20 21:39:17,886 INFO o.a.j.t.JMeterThread: Thread started: Thread Group 1-321
2024-07-20 21:39:17,906 INFO o.a.j.t.JMeterThread: Thread started: Thread Group 1-322
2024-07-20 21:39:17,926 INFO o.a.j.t.JMeterThread: Thread started: Thread Group 1-323
2024-07-20 21:39:17,947 INFO o.a.j.t.JMeterThread: Thread started: Thread Group 1-324
2024-07-20 21:39:17,963 INFO o.a.j.t.JMeterThread: Thread started: Thread Group 1-325
2024-07-20 21:39:17,989 INFO o.a.j.t.JMeterThread: Thread started: Thread Group 1-326
2024-07-20 21:39:18,003 INFO o.a.j.t.JMeterThread: Thread started: Thread Group 1-327
2024-07-20 21:39:18,026 INFO o.a.j.t.JMeterThread: Thread started: Thread Group 1-328
2024-07-20 21:39:18,042 INFO o.a.j.t.JMeterThread: Thread started: Thread Group 1-329
2024-07-20 21:39:18,062 INFO o.a.j.t.JMeterThread: Thread started: Thread Group 1-330
2024-07-20 21:39:18,083 INFO o.a.j.t.JMeterThread: Thread started: Thread Group 1-331
2024-07-20 21:39:18,103 INFO o.a.j.t.JMeterThread: Thread started: Thread Group 1-332
2024-07-20 21:39:18,126 INFO o.a.j.t.JMeterThread: Thread started: Thread Group 1-333
2024-07-20 21:39:18,142 INFO o.a.j.t.JMeterThread: Thread started: Thread Group 1-334
2024-07-20 21:39:18,163 INFO o.a.j.t.JMeterThread: Thread started: Thread Group 1-335
2024-07-20 21:39:18,187 INFO o.a.j.t.JMeterThread: Thread started: Thread Group 1-336
2024-07-20 21:39:18,203 INFO o.a.j.t.JMeterThread: Thread started: Thread Group 1-337
2024-07-20 21:39:18,221 INFO o.a.j.t.JMeterThread: Thread started: Thread Group 1-338
2024-07-20 21:39:18,243 INFO o.a.j.t.JMeterThread: Thread started: Thread Group 1-339
2024-07-20 21:39:18,264 INFO o.a.j.t.JMeterThread: Thread started: Thread Group 1-340
2024-07-20 21:39:18,283 INFO o.a.j.t.JMeterThread: Thread started: Thread Group 1-341
2024-07-20 21:39:18,307 INFO o.a.j.t.JMeterThread: Thread started: Thread Group 1-342
2024-07-20 21:39:18,322 INFO o.a.j.t.JMeterThread: Thread started: Thread Group 1-343
2024-07-20 21:39:18,342 INFO o.a.j.t.JMeterThread: Thread started: Thread Group 1-344
2024-07-20 21:39:18,364 INFO o.a.j.t.JMeterThread: Thread started: Thread Group 1-345
2024-07-20 21:39:18,383 INFO o.a.j.t.JMeterThread: Thread started: Thread Group 1-346
2024-07-20 21:39:18,401 INFO o.a.j.t.JMeterThread: Thread started: Thread Group 1-347
2024-07-20 21:39:18,423 INFO o.a.j.t.JMeterThread: Thread started: Thread Group 1-348
2024-07-20 21:39:18,443 INFO o.a.j.t.JMeterThread: Thread started: Thread Group 1-349
2024-07-20 21:39:18,462 INFO o.a.j.t.JMeterThread: Thread started: Thread Group 1-350
2024-07-20 21:39:18,486 INFO o.a.j.t.JMeterThread: Thread started: Thread Group 1-351
2024-07-20 21:39:18,507 INFO o.a.j.t.JMeterThread: Thread started: Thread Group 1-352
2024-07-20 21:39:18,521 INFO o.a.j.t.JMeterThread: Thread started: Thread Group 1-353
2024-07-20 21:39:18,546 INFO o.a.j.t.JMeterThread: Thread started: Thread Group 1-354
2024-07-20 21:39:18,563 INFO o.a.j.t.JMeterThread: Thread started: Thread Group 1-355
2024-07-20 21:39:18,585 INFO o.a.j.t.JMeterThread: Thread started: Thread Group 1-356
2024-07-20 21:39:18,602 INFO o.a.j.t.JMeterThread: Thread started: Thread Group 1-357
2024-07-20 21:39:18,626 INFO o.a.j.t.JMeterThread: Thread started: Thread Group 1-358
2024-07-20 21:39:18,646 INFO o.a.j.t.JMeterThread: Thread started: Thread Group 1-359
2024-07-20 21:39:18,666 INFO o.a.j.t.JMeterThread: Thread started: Thread Group 1-360
2024-07-20 21:39:18,685 INFO o.a.j.t.JMeterThread: Thread started: Thread Group 1-361
2024-07-20 21:39:18,704 INFO o.a.j.t.JMeterThread: Thread started: Thread Group 1-362
2024-07-20 21:39:18,721 INFO o.a.j.t.JMeterThread: Thread started: Thread Group 1-363
2024-07-20 21:39:18,746 INFO o.a.j.t.JMeterThread: Thread started: Thread Group 1-364
2024-07-20 21:39:18,766 INFO o.a.j.t.JMeterThread: Thread started: Thread Group 1-365
2024-07-20 21:39:18,787 INFO o.a.j.t.JMeterThread: Thread started: Thread Group 1-366
2024-07-20 21:39:18,801 INFO o.a.j.t.JMeterThread: Thread started: Thread Group 1-367
2024-07-20 21:39:18,823 INFO o.a.j.t.JMeterThread: Thread started: Thread Group 1-368
2024-07-20 21:39:18,846 INFO o.a.j.t.JMeterThread: Thread started: Thread Group 1-369
2024-07-20 21:39:18,861 INFO o.a.j.t.JMeterThread: Thread started: Thread Group 1-370
2024-07-20 21:39:18,886 INFO o.a.j.t.JMeterThread: Thread started: Thread Group 1-371
2024-07-20 21:39:18,906 INFO o.a.j.t.JMeterThread: Thread started: Thread Group 1-372
2024-07-20 21:39:18,925 INFO o.a.j.t.JMeterThread: Thread started: Thread Group 1-373
2024-07-20 21:39:18,946 INFO o.a.j.t.JMeterThread: Thread started: Thread Group 1-374
2024-07-20 21:39:18,965 INFO o.a.j.t.JMeterThread: Thread started: Thread Group 1-375
2024-07-20 21:39:18,985 INFO o.a.j.t.JMeterThread: Thread started: Thread Group 1-376
2024-07-20 21:39:19,006 INFO o.a.j.t.JMeterThread: Thread started: Thread Group 1-377
2024-07-20 21:39:19,026 INFO o.a.j.t.JMeterThread: Thread started: Thread Group 1-378
2024-07-20 21:39:19,047 INFO o.a.j.t.JMeterThread: Thread started: Thread Group 1-379
2024-07-20 21:39:19,066 INFO o.a.j.t.JMeterThread: Thread started: Thread Group 1-380
2024-07-20 21:39:19,083 INFO o.a.j.t.JMeterThread: Thread started: Thread Group 1-381
2024-07-20 21:39:19,106 INFO o.a.j.t.JMeterThread: Thread started: Thread Group 1-382
2024-07-20 21:39:19,126 INFO o.a.j.t.JMeterThread: Thread started: Thread Group 1-383
2024-07-20 21:39:19,145 INFO o.a.j.t.JMeterThread: Thread started: Thread Group 1-384
2024-07-20 21:39:19,166 INFO o.a.j.t.JMeterThread: Thread started: Thread Group 1-385
2024-07-20 21:39:19,182 INFO o.a.j.t.JMeterThread: Thread started: Thread Group 1-386
2024-07-20 21:39:19,206 INFO o.a.j.t.JMeterThread: Thread started: Thread Group 1-387
2024-07-20 21:39:19,227 INFO o.a.j.t.JMeterThread: Thread started: Thread Group 1-388
2024-07-20 21:39:19,247 INFO o.a.j.t.JMeterThread: Thread started: Thread Group 1-389
2024-07-20 21:39:19,266 INFO o.a.j.t.JMeterThread: Thread started: Thread Group 1-390
2024-07-20 21:39:19,286 INFO o.a.j.t.JMeterThread: Thread started: Thread Group 1-391
2024-07-20 21:39:19,306 INFO o.a.j.t.JMeterThread: Thread started: Thread Group 1-392
2024-07-20 21:39:19,326 INFO o.a.j.t.JMeterThread: Thread started: Thread Group 1-393
2024-07-20 21:39:19,347 INFO o.a.j.t.JMeterThread: Thread started: Thread Group 1-394
2024-07-20 21:39:19,367 INFO o.a.j.t.JMeterThread: Thread started: Thread Group 1-395
2024-07-20 21:39:19,386 INFO o.a.j.t.JMeterThread: Thread started: Thread Group 1-396
2024-07-20 21:39:19,406 INFO o.a.j.t.JMeterThread: Thread started: Thread Group 1-397
2024-07-20 21:39:19,426 INFO o.a.j.t.JMeterThread: Thread started: Thread Group 1-398
2024-07-20 21:39:19,446 INFO o.a.j.t.JMeterThread: Thread started: Thread Group 1-399
2024-07-20 21:39:19,466 INFO o.a.j.t.JMeterThread: Thread started: Thread Group 1-400
2024-07-20 21:39:19,482 INFO o.a.j.t.JMeterThread: Thread started: Thread Group 1-401
2024-07-20 21:39:19,506 INFO o.a.j.t.JMeterThread: Thread started: Thread Group 1-402
2024-07-20 21:39:19,522 INFO o.a.j.t.JMeterThread: Thread started: Thread Group 1-403
2024-07-20 21:39:19,543 INFO o.a.j.t.JMeterThread: Thread started: Thread Group 1-404
2024-07-20 21:39:19,562 INFO o.a.j.t.JMeterThread: Thread started: Thread Group 1-405
2024-07-20 21:39:19,584 INFO o.a.j.t.JMeterThread: Thread started: Thread Group 1-406
2024-07-20 21:39:19,602 INFO o.a.j.t.JMeterThread: Thread started: Thread Group 1-407
2024-07-20 21:39:19,626 INFO o.a.j.t.JMeterThread: Thread started: Thread Group 1-408
2024-07-20 21:39:19,641 INFO o.a.j.t.JMeterThread: Thread started: Thread Group 1-409
2024-07-20 21:39:19,665 INFO o.a.j.t.JMeterThread: Thread started: Thread Group 1-410
2024-07-20 21:39:19,686 INFO o.a.j.t.JMeterThread: Thread started: Thread Group 1-411
2024-07-20 21:39:19,706 INFO o.a.j.t.JMeterThread: Thread started: Thread Group 1-412
2024-07-20 21:39:19,721 INFO o.a.j.t.JMeterThread: Thread started: Thread Group 1-413
2024-07-20 21:39:19,746 INFO o.a.j.t.JMeterThread: Thread started: Thread Group 1-414
2024-07-20 21:39:19,766 INFO o.a.j.t.JMeterThread: Thread started: Thread Group 1-415
2024-07-20 21:39:19,787 INFO o.a.j.t.JMeterThread: Thread started: Thread Group 1-416
2024-07-20 21:39:19,806 INFO o.a.j.t.JMeterThread: Thread started: Thread Group 1-417
2024-07-20 21:39:19,822 INFO o.a.j.t.JMeterThread: Thread started: Thread Group 1-418
2024-07-20 21:39:19,842 INFO o.a.j.t.JMeterThread: Thread started: Thread Group 1-419
2024-07-20 21:39:19,865 INFO o.a.j.t.JMeterThread: Thread started: Thread Group 1-420
2024-07-20 21:39:19,884 INFO o.a.j.t.JMeterThread: Thread started: Thread Group 1-421
2024-07-20 21:39:19,907 INFO o.a.j.t.JMeterThread: Thread started: Thread Group 1-422
2024-07-20 21:39:19,923 INFO o.a.j.t.JMeterThread: Thread started: Thread Group 1-423
2024-07-20 21:39:19,946 INFO o.a.j.t.JMeterThread: Thread started: Thread Group 1-424
2024-07-20 21:39:19,966 INFO o.a.j.t.JMeterThread: Thread started: Thread Group 1-425
2024-07-20 21:39:19,987 INFO o.a.j.t.JMeterThread: Thread started: Thread Group 1-426
2024-07-20 21:39:20,002 INFO o.a.j.t.JMeterThread: Thread started: Thread Group 1-427
2024-07-20 21:39:20,021 INFO o.a.j.t.JMeterThread: Thread started: Thread Group 1-428
2024-07-20 21:39:20,046 INFO o.a.j.t.JMeterThread: Thread started: Thread Group 1-429
2024-07-20 21:39:20,063 INFO o.a.j.t.JMeterThread: Thread started: Thread Group 1-430
2024-07-20 21:39:20,084 INFO o.a.j.t.JMeterThread: Thread started: Thread Group 1-431
2024-07-20 21:39:20,111 INFO o.a.j.t.JMeterThread: Thread started: Thread Group 1-432
2024-07-20 21:39:20,125 INFO o.a.j.t.JMeterThread: Thread started: Thread Group 1-433
2024-07-20 21:39:20,146 INFO o.a.j.t.JMeterThread: Thread started: Thread Group 1-434
2024-07-20 21:39:20,166 INFO o.a.j.t.JMeterThread: Thread started: Thread Group 1-435
2024-07-20 21:39:20,186 INFO o.a.j.t.JMeterThread: Thread started: Thread Group 1-436
2024-07-20 21:39:20,201 INFO o.a.j.t.JMeterThread: Thread started: Thread Group 1-437
2024-07-20 21:39:20,222 INFO o.a.j.t.JMeterThread: Thread started: Thread Group 1-438
2024-07-20 21:39:20,247 INFO o.a.j.t.JMeterThread: Thread started: Thread Group 1-439
2024-07-20 21:39:20,263 INFO o.a.j.t.JMeterThread: Thread started: Thread Group 1-440
2024-07-20 21:39:20,282 INFO o.a.j.t.JMeterThread: Thread started: Thread Group 1-441
2024-07-20 21:39:20,306 INFO o.a.j.t.JMeterThread: Thread started: Thread Group 1-442
2024-07-20 21:39:20,326 INFO o.a.j.t.JMeterThread: Thread started: Thread Group 1-443
2024-07-20 21:39:20,343 INFO o.a.j.t.JMeterThread: Thread started: Thread Group 1-444
2024-07-20 21:39:20,366 INFO o.a.j.t.JMeterThread: Thread started: Thread Group 1-445
2024-07-20 21:39:20,384 INFO o.a.j.t.JMeterThread: Thread started: Thread Group 1-446
2024-07-20 21:39:20,406 INFO o.a.j.t.JMeterThread: Thread started: Thread Group 1-447
2024-07-20 21:39:20,422 INFO o.a.j.t.JMeterThread: Thread started: Thread Group 1-448
2024-07-20 21:39:20,446 INFO o.a.j.t.JMeterThread: Thread started: Thread Group 1-449
2024-07-20 21:39:20,467 INFO o.a.j.t.JMeterThread: Thread started: Thread Group 1-450
2024-07-20 21:39:20,487 INFO o.a.j.t.JMeterThread: Thread started: Thread Group 1-451
2024-07-20 21:39:20,505 INFO o.a.j.t.JMeterThread: Thread started: Thread Group 1-452
2024-07-20 21:39:20,526 INFO o.a.j.t.JMeterThread: Thread started: Thread Group 1-453
2024-07-20 21:39:20,541 INFO o.a.j.t.JMeterThread: Thread started: Thread Group 1-454
2024-07-20 21:39:20,562 INFO o.a.j.t.JMeterThread: Thread started: Thread Group 1-455
2024-07-20 21:39:20,582 INFO o.a.j.t.JMeterThread: Thread started: Thread Group 1-456
2024-07-20 21:39:20,601 INFO o.a.j.t.JMeterThread: Thread started: Thread Group 1-457
2024-07-20 21:39:20,625 INFO o.a.j.t.JMeterThread: Thread started: Thread Group 1-458
2024-07-20 21:39:20,647 INFO o.a.j.t.JMeterThread: Thread started: Thread Group 1-459
2024-07-20 21:39:20,662 INFO o.a.j.t.JMeterThread: Thread started: Thread Group 1-460
2024-07-20 21:39:20,684 INFO o.a.j.t.JMeterThread: Thread started: Thread Group 1-461
2024-07-20 21:39:20,706 INFO o.a.j.t.JMeterThread: Thread started: Thread Group 1-462
2024-07-20 21:39:20,722 INFO o.a.j.t.JMeterThread: Thread started: Thread Group 1-463
2024-07-20 21:39:20,746 INFO o.a.j.t.JMeterThread: Thread started: Thread Group 1-464
2024-07-20 21:39:20,762 INFO o.a.j.t.JMeterThread: Thread started: Thread Group 1-465
2024-07-20 21:39:20,782 INFO o.a.j.t.JMeterThread: Thread started: Thread Group 1-466
2024-07-20 21:39:20,806 INFO o.a.j.t.JMeterThread: Thread started: Thread Group 1-467
2024-07-20 21:39:20,822 INFO o.a.j.t.JMeterThread: Thread started: Thread Group 1-468
2024-07-20 21:39:20,844 INFO o.a.j.t.JMeterThread: Thread started: Thread Group 1-469
2024-07-20 21:39:20,861 INFO o.a.j.t.JMeterThread: Thread started: Thread Group 1-470
2024-07-20 21:39:20,884 INFO o.a.j.t.JMeterThread: Thread started: Thread Group 1-471
2024-07-20 21:39:20,905 INFO o.a.j.t.JMeterThread: Thread started: Thread Group 1-472
2024-07-20 21:39:20,925 INFO o.a.j.t.JMeterThread: Thread started: Thread Group 1-473
2024-07-20 21:39:20,944 INFO o.a.j.t.JMeterThread: Thread started: Thread Group 1-474
2024-07-20 21:39:20,963 INFO o.a.j.t.JMeterThread: Thread started: Thread Group 1-475
2024-07-20 21:39:20,987 INFO o.a.j.t.JMeterThread: Thread started: Thread Group 1-476
2024-07-20 21:39:21,005 INFO o.a.j.t.JMeterThread: Thread started: Thread Group 1-477
2024-07-20 21:39:21,025 INFO o.a.j.t.JMeterThread: Thread started: Thread Group 1-478
2024-07-20 21:39:21,046 INFO o.a.j.t.JMeterThread: Thread started: Thread Group 1-479
2024-07-20 21:39:21,064 INFO o.a.j.t.JMeterThread: Thread started: Thread Group 1-480
2024-07-20 21:39:21,086 INFO o.a.j.t.JMeterThread: Thread started: Thread Group 1-481
2024-07-20 21:39:21,106 INFO o.a.j.t.JMeterThread: Thread started: Thread Group 1-482
2024-07-20 21:39:21,123 INFO o.a.j.t.JMeterThread: Thread started: Thread Group 1-483
2024-07-20 21:39:21,142 INFO o.a.j.t.JMeterThread: Thread started: Thread Group 1-484
2024-07-20 21:39:21,161 INFO o.a.j.t.JMeterThread: Thread started: Thread Group 1-485
2024-07-20 21:39:21,186 INFO o.a.j.t.JMeterThread: Thread started: Thread Group 1-486
2024-07-20 21:39:21,207 INFO o.a.j.t.JMeterThread: Thread started: Thread Group 1-487
2024-07-20 21:39:21,226 INFO o.a.j.t.JMeterThread: Thread started: Thread Group 1-488
2024-07-20 21:39:21,243 INFO o.a.j.t.JMeterThread: Thread started: Thread Group 1-489
2024-07-20 21:39:21,265 INFO o.a.j.t.JMeterThread: Thread started: Thread Group 1-490
2024-07-20 21:39:21,286 INFO o.a.j.t.JMeterThread: Thread started: Thread Group 1-491
2024-07-20 21:39:21,302 INFO o.a.j.t.JMeterThread: Thread started: Thread Group 1-492
2024-07-20 21:39:21,322 INFO o.a.j.t.JMeterThread: Thread started: Thread Group 1-493
2024-07-20 21:39:21,345 INFO o.a.j.t.JMeterThread: Thread started: Thread Group 1-494
2024-07-20 21:39:21,366 INFO o.a.j.t.JMeterThread: Thread started: Thread Group 1-495
2024-07-20 21:39:21,386 INFO o.a.j.t.JMeterThread: Thread started: Thread Group 1-496
2024-07-20 21:39:21,403 INFO o.a.j.t.JMeterThread: Thread started: Thread Group 1-497
2024-07-20 21:39:21,427 INFO o.a.j.t.JMeterThread: Thread started: Thread Group 1-498
2024-07-20 21:39:21,446 INFO o.a.j.t.JMeterThread: Thread started: Thread Group 1-499
2024-07-20 21:39:21,466 INFO o.a.j.t.JMeterThread: Thread started: Thread Group 1-500
2024-07-20 21:39:30,014 INFO o.a.j.r.Summariser: summary +   1101 in 00:00:19 =   59.4/s Avg:  5011 Min:  5002 Max:  5219 Err:     0 (0.00%) Active: 500 Started: 500 Finished: 0
2024-07-20 21:40:00,005 INFO o.a.j.r.Summariser: summary +   2979 in 00:00:30 =   99.3/s Avg:  5031 Min:  5002 Max:  5319 Err:     0 (0.00%) Active: 500 Started: 500 Finished: 0
2024-07-20 21:40:00,006 INFO o.a.j.r.Summariser: summary =   4080 in 00:00:49 =   84.1/s Avg:  5026 Min:  5002 Max:  5319 Err:     0 (0.00%)
2024-07-20 21:40:30,016 INFO o.a.j.r.Summariser: summary +   3094 in 00:00:30 =  103.1/s Avg:  4850 Min:     2 Max:  5687 Err:   126 (4.07%) Active: 500 Started: 500 Finished: 0
2024-07-20 21:40:30,016 INFO o.a.j.r.Summariser: summary =   7174 in 00:01:19 =   91.3/s Avg:  4950 Min:     2 Max:  5687 Err:   126 (1.76%)
2024-07-20 21:41:00,015 INFO o.a.j.r.Summariser: summary +   2951 in 00:00:30 =   98.4/s Avg:  5081 Min:  5002 Max:  5821 Err:     0 (0.00%) Active: 500 Started: 500 Finished: 0
2024-07-20 21:41:00,015 INFO o.a.j.r.Summariser: summary =  10125 in 00:01:49 =   93.3/s Avg:  4988 Min:     2 Max:  5821 Err:   126 (1.24%)
2024-07-20 21:41:21,027 INFO o.a.j.r.ResultCollector: Shutdown hook started
2024-07-20 21:41:21,028 INFO o.a.j.r.ResultCollector: Shutdown hook ended
