2024-06-12 12:44:11,968 INFO o.a.j.u.JMeterUtils: Setting Locale to en_EN
2024-06-12 12:44:11,987 INFO o.a.j.JMeter: Loading user properties from: /Users/renuka/softwares-common/bin/apache-jmeter-5.3/bin/user.properties
2024-06-12 12:44:11,988 INFO o.a.j.JMeter: Loading system properties from: /Users/renuka/softwares-common/bin/apache-jmeter-5.3/bin/system.properties
2024-06-12 12:44:11,989 INFO o.a.j.JMeter: Copyright (c) 1998-2020 The Apache Software Foundation
2024-06-12 12:44:11,989 INFO o.a.j.JMeter: Version 5.3
2024-06-12 12:44:11,989 INFO o.a.j.JMeter: java.version=11.0.16.1
2024-06-12 12:44:11,989 INFO o.a.j.JMeter: java.vm.name=OpenJDK 64-Bit Server VM
2024-06-12 12:44:11,989 INFO o.a.j.JMeter: os.name=Mac OS X
2024-06-12 12:44:11,989 INFO o.a.j.JMeter: os.arch=aarch64
2024-06-12 12:44:11,989 INFO o.a.j.JMeter: os.version=14.4.1
2024-06-12 12:44:11,989 INFO o.a.j.JMeter: file.encoding=UTF-8
2024-06-12 12:44:11,989 INFO o.a.j.JMeter: java.awt.headless=null
2024-06-12 12:44:11,989 INFO o.a.j.JMeter: Max memory     =1073741824
2024-06-12 12:44:11,989 INFO o.a.j.JMeter: Available Processors =10
2024-06-12 12:44:11,994 INFO o.a.j.JMeter: Default Locale=English (EN)
2024-06-12 12:44:11,995 INFO o.a.j.JMeter: JMeter  Locale=English (EN)
2024-06-12 12:44:11,995 INFO o.a.j.JMeter: JMeterHome=/Users/renuka/softwares-common/bin/apache-jmeter-5.3
2024-06-12 12:44:11,995 INFO o.a.j.JMeter: user.dir  =/Users/renuka/git/examples/kubernetes/k8s-lifecycle-prehook/apps/go
2024-06-12 12:44:11,995 INFO o.a.j.JMeter: PWD       =/Users/renuka/git/examples/kubernetes/k8s-lifecycle-prehook/apps/go
2024-06-12 12:44:11,996 INFO o.a.j.JMeter: IP: 127.0.0.1 Name: Renuka.local FullName: localhost
2024-06-12 12:44:12,491 INFO o.a.j.JMeter: Setting LAF to: com.github.weisj.darklaf.DarkLaf:com.github.weisj.darklaf.theme.DarculaTheme
2024-06-12 12:44:13,174 INFO o.a.j.JMeter: Loaded icon properties from org/apache/jmeter/images/icon.properties
2024-06-12 12:44:14,282 WARN o.j.r.PluginManager: Found JAR conflict: /Users/renuka/softwares-common/bin/apache-jmeter-5.3/lib/ext/jmeter-plugins-manager-1.7.jar and /Users/renuka/softwares-common/bin/apache-jmeter-5.3/lib/ext/jmeter-plugins-manager-1.6.jar
2024-06-12 12:44:14,304 INFO o.j.r.JARSourceHTTP: Found cached repo
2024-06-12 12:44:14,414 INFO o.j.r.PluginManager: Plugins Status: [jpgc-casutg=2.10, jmeter-grpc-request=v1.2.1, jpgc-plugins-manager=1.6, jmeter-core=5.3, jmeter-ftp=5.3, jmeter-http=5.3, jmeter-jdbc=5.3, jmeter-jms=5.3, jmeter-junit=5.3, jmeter-java=5.3, jmeter-ldap=5.3, jmeter-mail=5.3, jmeter-mongodb=5.3, jmeter-native=5.3, jmeter-tcp=5.3, jmeter-components=5.3]
2024-06-12 12:44:14,414 INFO o.j.r.PluginManagerMenuItem: Plugins Manager has upgrades: [jpgc-plugins-manager]
2024-06-12 12:44:14,511 INFO o.a.j.JMeter: Loading file: test-cc.jmx
2024-06-12 12:44:14,512 INFO o.a.j.s.FileServer: Default base='/Users/renuka/git/examples/kubernetes/k8s-lifecycle-prehook/apps/go'
2024-06-12 12:44:14,513 INFO o.a.j.s.FileServer: Set new base='/Users/renuka/git/examples/kubernetes/k8s-lifecycle-prehook/apps/go'
2024-06-12 12:44:14,616 INFO o.a.j.s.SaveService: Testplan (JMX) version: 2.2. Testlog (JTL) version: 2.2
2024-06-12 12:44:14,625 INFO o.a.j.s.SaveService: Using SaveService properties version 5.0
2024-06-12 12:44:14,625 INFO o.a.j.s.SaveService: Using SaveService properties file encoding UTF-8
2024-06-12 12:44:14,626 INFO o.a.j.s.SaveService: Loading file: test-cc.jmx
2024-06-12 12:44:14,684 INFO o.a.j.p.h.s.HTTPSamplerBase: Parser for text/html is org.apache.jmeter.protocol.http.parser.LagartoBasedHtmlParser
2024-06-12 12:44:14,684 INFO o.a.j.p.h.s.HTTPSamplerBase: Parser for application/xhtml+xml is org.apache.jmeter.protocol.http.parser.LagartoBasedHtmlParser
2024-06-12 12:44:14,684 INFO o.a.j.p.h.s.HTTPSamplerBase: Parser for application/xml is org.apache.jmeter.protocol.http.parser.LagartoBasedHtmlParser
2024-06-12 12:44:14,684 INFO o.a.j.p.h.s.HTTPSamplerBase: Parser for text/xml is org.apache.jmeter.protocol.http.parser.LagartoBasedHtmlParser
2024-06-12 12:44:14,684 INFO o.a.j.p.h.s.HTTPSamplerBase: Parser for text/vnd.wap.wml is org.apache.jmeter.protocol.http.parser.RegexpHTMLParser
2024-06-12 12:44:14,684 INFO o.a.j.p.h.s.HTTPSamplerBase: Parser for text/css is org.apache.jmeter.protocol.http.parser.CssParser
2024-06-12 12:44:14,705 INFO o.a.j.s.FileServer: Set new base='/Users/renuka/git/examples/kubernetes/k8s-lifecycle-prehook/apps/go'
2024-06-12 12:44:14,770 INFO o.a.j.s.SampleResult: Note: Sample TimeStamps are START times
2024-06-12 12:44:14,770 INFO o.a.j.s.SampleResult: sampleresult.default.encoding is set to ISO-8859-1
2024-06-12 12:44:14,770 INFO o.a.j.s.SampleResult: sampleresult.useNanoTime=true
2024-06-12 12:44:14,770 INFO o.a.j.s.SampleResult: sampleresult.nanoThreadSleep=5000
2024-06-12 12:44:14,864 INFO o.a.j.v.ViewResultsFullVisualizer: Add JavaFX to your Java installation if you want to use renderer: org.apache.jmeter.visualizers.RenderInBrowser
2024-06-12 12:44:45,571 INFO o.a.j.s.SampleEvent: List of sample_variables: []
